# JRE version: OpenJDK Runtime Environment (8.0_202-b03) (build 1.8.0_202-release-1483-b03)
# Java VM: OpenJDK 64-Bit Server VM (25.202-b03 mixed mode windows-amd64 compressed oops)
Heap:
 PSYoungGen      total 319488K, used 123784K [0x00000000e0000000, 0x00000000f4b00000, 0x0000000100000000)
  eden space 300032K, 36% used [0x00000000e0000000,0x00000000e6984580,0x00000000f2500000)
  from space 19456K, 80% used [0x00000000f2500000,0x00000000f345dcf0,0x00000000f3800000)
  to   space 12288K, 0% used [0x00000000f3f00000,0x00000000f3f00000,0x00000000f4b00000)
 ParOldGen       total 113664K, used 43177K [0x00000000a0000000, 0x00000000a6f00000, 0x00000000e0000000)
  object space 113664K, 37% used [0x00000000a0000000,0x00000000a2a2a408,0x00000000a6f00000)
 Metaspace       used 92889K, capacity 97050K, committed 97240K, reserved 1134592K
  class space    used 11974K, capacity 12784K, committed 12800K, reserved 1048576K
GC Heap History (10 events):
Event: 133.557 GC heap before
{Heap before GC invocations=16 (full 3):
 PSYoungGen      total 204288K, used 185856K [0x00000000e0000000, 0x00000000ef380000, 0x0000000100000000)
  eden space 185856K, 100% used [0x00000000e0000000,0x00000000eb580000,0x00000000eb580000)
  from space 18432K, 0% used [0x00000000ec800000,0x00000000ec800000,0x00000000eda00000)
  to   space 18944K, 0% used [0x00000000eb580000,0x00000000eb580000,0x00000000ec800000)
 ParOldGen       total 113664K, used 27666K [0x00000000a0000000, 0x00000000a6f00000, 0x00000000e0000000)
  object space 113664K, 24% used [0x00000000a0000000,0x00000000a1b048a8,0x00000000a6f00000)
 Metaspace       used 67941K, capacity 70324K, committed 70488K, reserved 1110016K
  class space    used 8998K, capacity 9527K, committed 9600K, reserved 1048576K
Event: 133.583 GC heap after
Heap after GC invocations=16 (full 3):
 PSYoungGen      total 204800K, used 17794K [0x00000000e0000000, 0x00000000f1e00000, 0x0000000100000000)
  eden space 185856K, 0% used [0x00000000e0000000,0x00000000e0000000,0x00000000eb580000)
  from space 18944K, 93% used [0x00000000eb580000,0x00000000ec6e0990,0x00000000ec800000)
  to   space 21504K, 0% used [0x00000000f0900000,0x00000000f0900000,0x00000000f1e00000)
 ParOldGen       total 113664K, used 27666K [0x00000000a0000000, 0x00000000a6f00000, 0x00000000e0000000)
  object space 113664K, 24% used [0x00000000a0000000,0x00000000a1b048a8,0x00000000a6f00000)
 Metaspace       used 67941K, capacity 70324K, committed 70488K, reserved 1110016K
  class space    used 8998K, capacity 9527K, committed 9600K, reserved 1048576K
}
Event: 161.336 GC heap before
{Heap before GC invocations=17 (full 3):
 PSYoungGen      total 204800K, used 203650K [0x00000000e0000000, 0x00000000f1e00000, 0x0000000100000000)
  eden space 185856K, 100% used [0x00000000e0000000,0x00000000eb580000,0x00000000eb580000)
  from space 18944K, 93% used [0x00000000eb580000,0x00000000ec6e0990,0x00000000ec800000)
  to   space 21504K, 0% used [0x00000000f0900000,0x00000000f0900000,0x00000000f1e00000)
 ParOldGen       total 113664K, used 27666K [0x00000000a0000000, 0x00000000a6f00000, 0x00000000e0000000)
  object space 113664K, 24% used [0x00000000a0000000,0x00000000a1b048a8,0x00000000a6f00000)
 Metaspace       used 73179K, capacity 76216K, committed 76248K, reserved 1116160K
  class space    used 9577K, capacity 10213K, committed 10240K, reserved 1048576K
Event: 161.363 GC heap after
Heap after GC invocations=17 (full 3):
 PSYoungGen      total 253952K, used 10353K [0x00000000e0000000, 0x00000000f1480000, 0x0000000100000000)
  eden space 242176K, 0% used [0x00000000e0000000,0x00000000e0000000,0x00000000eec80000)
  from space 11776K, 87% used [0x00000000f0900000,0x00000000f131c5f0,0x00000000f1480000)
  to   space 20480K, 0% used [0x00000000eec80000,0x00000000eec80000,0x00000000f0080000)
 ParOldGen       total 113664K, used 36010K [0x00000000a0000000, 0x00000000a6f00000, 0x00000000e0000000)
  object space 113664K, 31% used [0x00000000a0000000,0x00000000a232ab28,0x00000000a6f00000)
 Metaspace       used 73179K, capacity 76216K, committed 76248K, reserved 1116160K
  class space    used 9577K, capacity 10213K, committed 10240K, reserved 1048576K
}
Event: 168.096 GC heap before
{Heap before GC invocations=18 (full 3):
 PSYoungGen      total 253952K, used 252529K [0x00000000e0000000, 0x00000000f1480000, 0x0000000100000000)
  eden space 242176K, 100% used [0x00000000e0000000,0x00000000eec80000,0x00000000eec80000)
  from space 11776K, 87% used [0x00000000f0900000,0x00000000f131c5f0,0x00000000f1480000)
  to   space 20480K, 0% used [0x00000000eec80000,0x00000000eec80000,0x00000000f0080000)
 ParOldGen       total 113664K, used 36010K [0x00000000a0000000, 0x00000000a6f00000, 0x00000000e0000000)
  object space 113664K, 31% used [0x00000000a0000000,0x00000000a232ab28,0x00000000a6f00000)
 Metaspace       used 77993K, capacity 81250K, committed 81368K, reserved 1120256K
  class space    used 10034K, capacity 10702K, committed 10752K, reserved 1048576K
Event: 168.123 GC heap after
Heap after GC invocations=18 (full 3):
 PSYoungGen      total 262656K, used 6687K [0x00000000e0000000, 0x00000000f5280000, 0x0000000100000000)
  eden space 242176K, 0% used [0x00000000e0000000,0x00000000e0000000,0x00000000eec80000)
  from space 20480K, 32% used [0x00000000eec80000,0x00000000ef307f60,0x00000000f0080000)
  to   space 19968K, 0% used [0x00000000f3f00000,0x00000000f3f00000,0x00000000f5280000)
 ParOldGen       total 113664K, used 43153K [0x00000000a0000000, 0x00000000a6f00000, 0x00000000e0000000)
  object space 113664K, 37% used [0x00000000a0000000,0x00000000a2a24408,0x00000000a6f00000)
 Metaspace       used 77993K, capacity 81250K, committed 81368K, reserved 1120256K
  class space    used 10034K, capacity 10702K, committed 10752K, reserved 1048576K
}
Event: 175.763 GC heap before
{Heap before GC invocations=19 (full 3):
 PSYoungGen      total 262656K, used 248863K [0x00000000e0000000, 0x00000000f5280000, 0x0000000100000000)
  eden space 242176K, 100% used [0x00000000e0000000,0x00000000eec80000,0x00000000eec80000)
  from space 20480K, 32% used [0x00000000eec80000,0x00000000ef307f60,0x00000000f0080000)
  to   space 19968K, 0% used [0x00000000f3f00000,0x00000000f3f00000,0x00000000f5280000)
 ParOldGen       total 113664K, used 43153K [0x00000000a0000000, 0x00000000a6f00000, 0x00000000e0000000)
  object space 113664K, 37% used [0x00000000a0000000,0x00000000a2a24408,0x00000000a6f00000)
 Metaspace       used 83310K, capacity 86438K, committed 86616K, reserved 1124352K
  class space    used 10632K, capacity 11282K, committed 11392K, reserved 1048576K
Event: 175.813 GC heap after
Heap after GC invocations=19 (full 3):
 PSYoungGen      total 312320K, used 10025K [0x00000000e0000000, 0x00000000f4b00000, 0x0000000100000000)
  eden space 300032K, 0% used [0x00000000e0000000,0x00000000e0000000,0x00000000f2500000)
  from space 12288K, 81% used [0x00000000f3f00000,0x00000000f48ca788,0x00000000f4b00000)
  to   space 19456K, 0% used [0x00000000f2500000,0x00000000f2500000,0x00000000f3800000)
 ParOldGen       total 113664K, used 43161K [0x00000000a0000000, 0x00000000a6f00000, 0x00000000e0000000)
  object space 113664K, 37% used [0x00000000a0000000,0x00000000a2a26408,0x00000000a6f00000)
 Metaspace       used 83310K, capacity 86438K, committed 86616K, reserved 1124352K
  class space    used 10632K, capacity 11282K, committed 11392K, reserved 1048576K
}
Event: 180.077 GC heap before
{Heap before GC invocations=20 (full 3):
 PSYoungGen      total 312320K, used 310057K [0x00000000e0000000, 0x00000000f4b00000, 0x0000000100000000)
  eden space 300032K, 100% used [0x00000000e0000000,0x00000000f2500000,0x00000000f2500000)
  from space 12288K, 81% used [0x00000000f3f00000,0x00000000f48ca788,0x00000000f4b00000)
  to   space 19456K, 0% used [0x00000000f2500000,0x00000000f2500000,0x00000000f3800000)
 ParOldGen       total 113664K, used 43161K [0x00000000a0000000, 0x00000000a6f00000, 0x00000000e0000000)
  object space 113664K, 37% used [0x00000000a0000000,0x00000000a2a26408,0x00000000a6f00000)
 Metaspace       used 92780K, capacity 96944K, committed 97240K, reserved 1134592K
  class space    used 11968K, capacity 12779K, committed 12800K, reserved 1048576K
Event: 180.124 GC heap after
Heap after GC invocations=20 (full 3):
 PSYoungGen      total 319488K, used 15735K [0x00000000e0000000, 0x00000000f4b00000, 0x0000000100000000)
  eden space 300032K, 0% used [0x00000000e0000000,0x00000000e0000000,0x00000000f2500000)
  from space 19456K, 80% used [0x00000000f2500000,0x00000000f345dcf0,0x00000000f3800000)
  to   space 12288K, 0% used [0x00000000f3f00000,0x00000000f3f00000,0x00000000f4b00000)
 ParOldGen       total 113664K, used 43177K [0x00000000a0000000, 0x00000000a6f00000, 0x00000000e0000000)
  object space 113664K, 37% used [0x00000000a0000000,0x00000000a2a2a408,0x00000000a6f00000)
 Metaspace       used 92780K, capacity 96944K, committed 97240K, reserved 1134592K
  class space    used 11968K, capacity 12779K, committed 12800K, reserved 1048576K
}

