# JRE version: OpenJDK Runtime Environment (8.0_202-b03) (build 1.8.0_202-release-1483-b03)
# Java VM: OpenJDK 64-Bit Server VM (25.202-b03 mixed mode windows-amd64 compressed oops)
Heap:
 PSYoungGen      total 421888K, used 246722K [0x00000000e0000000, 0x00000000fc480000, 0x0000000100000000)
  eden space 398336K, 56% used [0x00000000e0000000,0x00000000eda2aee8,0x00000000f8500000)
  from space 23552K, 99% used [0x00000000fad80000,0x00000000fc445b08,0x00000000fc480000)
  to   space 30208K, 0% used [0x00000000f8980000,0x00000000f8980000,0x00000000fa700000)
 ParOldGen       total 123904K, used 32022K [0x00000000a0000000, 0x00000000a7900000, 0x00000000e0000000)
  object space 123904K, 25% used [0x00000000a0000000,0x00000000a1f45910,0x00000000a7900000)
 Metaspace       used 82548K, capacity 85748K, committed 85848K, reserved 1124352K
  class space    used 10572K, capacity 11257K, committed 11352K, reserved 1048576K
GC Heap History (10 events):
Event: 13.881 GC heap before
{Heap before GC invocations=9 (full 2):
 PSYoungGen      total 229888K, used 219136K [0x00000000e0000000, 0x00000000ef400000, 0x0000000100000000)
  eden space 219136K, 100% used [0x00000000e0000000,0x00000000ed600000,0x00000000ed600000)
  from space 10752K, 0% used [0x00000000ee980000,0x00000000ee980000,0x00000000ef400000)
  to   space 15360K, 0% used [0x00000000ed600000,0x00000000ed600000,0x00000000ee500000)
 ParOldGen       total 88064K, used 16974K [0x00000000a0000000, 0x00000000a5600000, 0x00000000e0000000)
  object space 88064K, 19% used [0x00000000a0000000,0x00000000a1093be0,0x00000000a5600000)
 Metaspace       used 54663K, capacity 56200K, committed 56408K, reserved 1097728K
  class space    used 7377K, capacity 7743K, committed 7768K, reserved 1048576K
Event: 13.910 GC heap after
Heap after GC invocations=9 (full 2):
 PSYoungGen      total 234496K, used 15342K [0x00000000e0000000, 0x00000000f7400000, 0x0000000100000000)
  eden space 219136K, 0% used [0x00000000e0000000,0x00000000e0000000,0x00000000ed600000)
  from space 15360K, 99% used [0x00000000ed600000,0x00000000ee4fbab8,0x00000000ee500000)
  to   space 23552K, 0% used [0x00000000f5d00000,0x00000000f5d00000,0x00000000f7400000)
 ParOldGen       total 88064K, used 28348K [0x00000000a0000000, 0x00000000a5600000, 0x00000000e0000000)
  object space 88064K, 32% used [0x00000000a0000000,0x00000000a1baf230,0x00000000a5600000)
 Metaspace       used 54663K, capacity 56200K, committed 56408K, reserved 1097728K
  class space    used 7377K, capacity 7743K, committed 7768K, reserved 1048576K
}
Event: 14.445 GC heap before
{Heap before GC invocations=10 (full 2):
 PSYoungGen      total 234496K, used 56329K [0x00000000e0000000, 0x00000000f7400000, 0x0000000100000000)
  eden space 219136K, 18% used [0x00000000e0000000,0x00000000e2806be0,0x00000000ed600000)
  from space 15360K, 99% used [0x00000000ed600000,0x00000000ee4fbab8,0x00000000ee500000)
  to   space 23552K, 0% used [0x00000000f5d00000,0x00000000f5d00000,0x00000000f7400000)
 ParOldGen       total 88064K, used 28348K [0x00000000a0000000, 0x00000000a5600000, 0x00000000e0000000)
  object space 88064K, 32% used [0x00000000a0000000,0x00000000a1baf230,0x00000000a5600000)
 Metaspace       used 57095K, capacity 58900K, committed 58968K, reserved 1099776K
  class space    used 7801K, capacity 8221K, committed 8280K, reserved 1048576K
Event: 14.462 GC heap after
Heap after GC invocations=10 (full 2):
 PSYoungGen      total 357376K, used 14917K [0x00000000e0000000, 0x00000000f7900000, 0x0000000100000000)
  eden space 333824K, 0% used [0x00000000e0000000,0x00000000e0000000,0x00000000f4600000)
  from space 23552K, 63% used [0x00000000f5d00000,0x00000000f6b916a8,0x00000000f7400000)
  to   space 23552K, 0% used [0x00000000f4600000,0x00000000f4600000,0x00000000f5d00000)
 ParOldGen       total 88064K, used 28356K [0x00000000a0000000, 0x00000000a5600000, 0x00000000e0000000)
  object space 88064K, 32% used [0x00000000a0000000,0x00000000a1bb1230,0x00000000a5600000)
 Metaspace       used 57095K, capacity 58900K, committed 58968K, reserved 1099776K
  class space    used 7801K, capacity 8221K, committed 8280K, reserved 1048576K
}
Event: 14.462 GC heap before
{Heap before GC invocations=11 (full 3):
 PSYoungGen      total 357376K, used 14917K [0x00000000e0000000, 0x00000000f7900000, 0x0000000100000000)
  eden space 333824K, 0% used [0x00000000e0000000,0x00000000e0000000,0x00000000f4600000)
  from space 23552K, 63% used [0x00000000f5d00000,0x00000000f6b916a8,0x00000000f7400000)
  to   space 23552K, 0% used [0x00000000f4600000,0x00000000f4600000,0x00000000f5d00000)
 ParOldGen       total 88064K, used 28356K [0x00000000a0000000, 0x00000000a5600000, 0x00000000e0000000)
  object space 88064K, 32% used [0x00000000a0000000,0x00000000a1bb1230,0x00000000a5600000)
 Metaspace       used 57095K, capacity 58900K, committed 58968K, reserved 1099776K
  class space    used 7801K, capacity 8221K, committed 8280K, reserved 1048576K
Event: 14.650 GC heap after
Heap after GC invocations=11 (full 3):
 PSYoungGen      total 357376K, used 0K [0x00000000e0000000, 0x00000000f7900000, 0x0000000100000000)
  eden space 333824K, 0% used [0x00000000e0000000,0x00000000e0000000,0x00000000f4600000)
  from space 23552K, 0% used [0x00000000f5d00000,0x00000000f5d00000,0x00000000f7400000)
  to   space 23552K, 0% used [0x00000000f4600000,0x00000000f4600000,0x00000000f5d00000)
 ParOldGen       total 123904K, used 29259K [0x00000000a0000000, 0x00000000a7900000, 0x00000000e0000000)
  object space 123904K, 23% used [0x00000000a0000000,0x00000000a1c92cd0,0x00000000a7900000)
 Metaspace       used 57001K, capacity 58618K, committed 58968K, reserved 1099776K
  class space    used 7772K, capacity 8170K, committed 8280K, reserved 1048576K
}
Event: 88.613 GC heap before
{Heap before GC invocations=12 (full 3):
 PSYoungGen      total 357376K, used 333824K [0x00000000e0000000, 0x00000000f7900000, 0x0000000100000000)
  eden space 333824K, 100% used [0x00000000e0000000,0x00000000f4600000,0x00000000f4600000)
  from space 23552K, 0% used [0x00000000f5d00000,0x00000000f5d00000,0x00000000f7400000)
  to   space 23552K, 0% used [0x00000000f4600000,0x00000000f4600000,0x00000000f5d00000)
 ParOldGen       total 123904K, used 29259K [0x00000000a0000000, 0x00000000a7900000, 0x00000000e0000000)
  object space 123904K, 23% used [0x00000000a0000000,0x00000000a1c92cd0,0x00000000a7900000)
 Metaspace       used 72104K, capacity 75028K, committed 75096K, reserved 1114112K
  class space    used 9462K, capacity 10069K, committed 10072K, reserved 1048576K
Event: 88.671 GC heap after
Heap after GC invocations=12 (full 3):
 PSYoungGen      total 357376K, used 23541K [0x00000000e0000000, 0x00000000fc900000, 0x0000000100000000)
  eden space 333824K, 0% used [0x00000000e0000000,0x00000000e0000000,0x00000000f4600000)
  from space 23552K, 99% used [0x00000000f4600000,0x00000000f5cfd690,0x00000000f5d00000)
  to   space 28160K, 0% used [0x00000000fad80000,0x00000000fad80000,0x00000000fc900000)
 ParOldGen       total 123904K, used 32014K [0x00000000a0000000, 0x00000000a7900000, 0x00000000e0000000)
  object space 123904K, 25% used [0x00000000a0000000,0x00000000a1f43910,0x00000000a7900000)
 Metaspace       used 72104K, capacity 75028K, committed 75096K, reserved 1114112K
  class space    used 9462K, capacity 10069K, committed 10072K, reserved 1048576K
}
Event: 1926.035 GC heap before
{Heap before GC invocations=13 (full 3):
 PSYoungGen      total 357376K, used 357365K [0x00000000e0000000, 0x00000000fc900000, 0x0000000100000000)
  eden space 333824K, 100% used [0x00000000e0000000,0x00000000f4600000,0x00000000f4600000)
  from space 23552K, 99% used [0x00000000f4600000,0x00000000f5cfd690,0x00000000f5d00000)
  to   space 28160K, 0% used [0x00000000fad80000,0x00000000fad80000,0x00000000fc900000)
 ParOldGen       total 123904K, used 32014K [0x00000000a0000000, 0x00000000a7900000, 0x00000000e0000000)
  object space 123904K, 25% used [0x00000000a0000000,0x00000000a1f43910,0x00000000a7900000)
 Metaspace       used 78239K, capacity 81488K, committed 81624K, reserved 1120256K
  class space    used 10046K, capacity 10709K, committed 10712K, reserved 1048576K
Event: 1926.092 GC heap after
Heap after GC invocations=13 (full 3):
 PSYoungGen      total 421888K, used 23318K [0x00000000e0000000, 0x00000000fc480000, 0x0000000100000000)
  eden space 398336K, 0% used [0x00000000e0000000,0x00000000e0000000,0x00000000f8500000)
  from space 23552K, 99% used [0x00000000fad80000,0x00000000fc445b08,0x00000000fc480000)
  to   space 30208K, 0% used [0x00000000f8980000,0x00000000f8980000,0x00000000fa700000)
 ParOldGen       total 123904K, used 32022K [0x00000000a0000000, 0x00000000a7900000, 0x00000000e0000000)
  object space 123904K, 25% used [0x00000000a0000000,0x00000000a1f45910,0x00000000a7900000)
 Metaspace       used 78239K, capacity 81488K, committed 81624K, reserved 1120256K
  class space    used 10046K, capacity 10709K, committed 10712K, reserved 1048576K
}

