# JRE version: OpenJDK Runtime Environment (8.0_202-b03) (build 1.8.0_202-release-1483-b03)
# Java VM: OpenJDK 64-Bit Server VM (25.202-b03 mixed mode windows-amd64 compressed oops)
Heap:
 PSYoungGen      total 173568K, used 55666K [0x00000000e0000000, 0x00000000ed280000, 0x0000000100000000)
  eden space 158208K, 31% used [0x00000000e0000000,0x00000000e30140f0,0x00000000e9a80000)
  from space 15360K, 41% used [0x00000000ec380000,0x00000000ec9c8a38,0x00000000ed280000)
  to   space 28672K, 0% used [0x00000000e9a80000,0x00000000e9a80000,0x00000000eb680000)
 ParOldGen       total 123904K, used 62075K [0x00000000a0000000, 0x00000000a7900000, 0x00000000e0000000)
  object space 123904K, 50% used [0x00000000a0000000,0x00000000a3c9ede0,0x00000000a7900000)
 Metaspace       used 84965K, capacity 88474K, committed 88664K, reserved 1126400K
  class space    used 11167K, capacity 11864K, committed 11864K, reserved 1048576K
GC Heap History (10 events):
Event: 505.845 GC heap before
{Heap before GC invocations=15 (full 3):
 PSYoungGen      total 166912K, used 153088K [0x00000000e0000000, 0x00000000eea00000, 0x0000000100000000)
  eden space 153088K, 100% used [0x00000000e0000000,0x00000000e9580000,0x00000000e9580000)
  from space 13824K, 0% used [0x00000000e9580000,0x00000000e9580000,0x00000000ea300000)
  to   space 18432K, 0% used [0x00000000ed800000,0x00000000ed800000,0x00000000eea00000)
 ParOldGen       total 123904K, used 35975K [0x00000000a0000000, 0x00000000a7900000, 0x00000000e0000000)
  object space 123904K, 29% used [0x00000000a0000000,0x00000000a2321f30,0x00000000a7900000)
 Metaspace       used 63637K, capacity 65486K, committed 65624K, reserved 1105920K
  class space    used 8376K, capacity 8788K, committed 8792K, reserved 1048576K
Event: 505.874 GC heap after
Heap after GC invocations=15 (full 3):
 PSYoungGen      total 194560K, used 13356K [0x00000000e0000000, 0x00000000ee580000, 0x0000000100000000)
  eden space 180736K, 0% used [0x00000000e0000000,0x00000000e0000000,0x00000000eb080000)
  from space 13824K, 96% used [0x00000000ed800000,0x00000000ee50b170,0x00000000ee580000)
  to   space 18944K, 0% used [0x00000000ec080000,0x00000000ec080000,0x00000000ed300000)
 ParOldGen       total 123904K, used 35983K [0x00000000a0000000, 0x00000000a7900000, 0x00000000e0000000)
  object space 123904K, 29% used [0x00000000a0000000,0x00000000a2323f30,0x00000000a7900000)
 Metaspace       used 63637K, capacity 65486K, committed 65624K, reserved 1105920K
  class space    used 8376K, capacity 8788K, committed 8792K, reserved 1048576K
}
Event: 579.697 GC heap before
{Heap before GC invocations=16 (full 3):
 PSYoungGen      total 194560K, used 194080K [0x00000000e0000000, 0x00000000ee580000, 0x0000000100000000)
  eden space 180736K, 99% used [0x00000000e0000000,0x00000000eb07d128,0x00000000eb080000)
  from space 13824K, 96% used [0x00000000ed800000,0x00000000ee50b170,0x00000000ee580000)
  to   space 18944K, 0% used [0x00000000ec080000,0x00000000ec080000,0x00000000ed300000)
 ParOldGen       total 123904K, used 35983K [0x00000000a0000000, 0x00000000a7900000, 0x00000000e0000000)
  object space 123904K, 29% used [0x00000000a0000000,0x00000000a2323f30,0x00000000a7900000)
 Metaspace       used 66560K, capacity 68758K, committed 68952K, reserved 1110016K
  class space    used 8784K, capacity 9258K, committed 9304K, reserved 1048576K
Event: 579.713 GC heap after
Heap after GC invocations=16 (full 3):
 PSYoungGen      total 189952K, used 15296K [0x00000000e0000000, 0x00000000ed880000, 0x0000000100000000)
  eden space 174592K, 0% used [0x00000000e0000000,0x00000000e0000000,0x00000000eaa80000)
  from space 15360K, 99% used [0x00000000ec080000,0x00000000ecf700e0,0x00000000ecf80000)
  to   space 9216K, 0% used [0x00000000ecf80000,0x00000000ecf80000,0x00000000ed880000)
 ParOldGen       total 123904K, used 35991K [0x00000000a0000000, 0x00000000a7900000, 0x00000000e0000000)
  object space 123904K, 29% used [0x00000000a0000000,0x00000000a2325f30,0x00000000a7900000)
 Metaspace       used 66560K, capacity 68758K, committed 68952K, reserved 1110016K
  class space    used 8784K, capacity 9258K, committed 9304K, reserved 1048576K
}
Event: 2223.642 GC heap before
{Heap before GC invocations=17 (full 3):
 PSYoungGen      total 189952K, used 189888K [0x00000000e0000000, 0x00000000ed880000, 0x0000000100000000)
  eden space 174592K, 100% used [0x00000000e0000000,0x00000000eaa80000,0x00000000eaa80000)
  from space 15360K, 99% used [0x00000000ec080000,0x00000000ecf700e0,0x00000000ecf80000)
  to   space 9216K, 0% used [0x00000000ecf80000,0x00000000ecf80000,0x00000000ed880000)
 ParOldGen       total 123904K, used 35991K [0x00000000a0000000, 0x00000000a7900000, 0x00000000e0000000)
  object space 123904K, 29% used [0x00000000a0000000,0x00000000a2325f30,0x00000000a7900000)
 Metaspace       used 69534K, capacity 71940K, committed 72152K, reserved 1112064K
  class space    used 9111K, capacity 9621K, committed 9688K, reserved 1048576K
Event: 2223.675 GC heap after
Heap after GC invocations=17 (full 3):
 PSYoungGen      total 178176K, used 9184K [0x00000000e0000000, 0x00000000ed880000, 0x0000000100000000)
  eden space 168960K, 0% used [0x00000000e0000000,0x00000000e0000000,0x00000000ea500000)
  from space 9216K, 99% used [0x00000000ecf80000,0x00000000ed878060,0x00000000ed880000)
  to   space 21504K, 0% used [0x00000000eae80000,0x00000000eae80000,0x00000000ec380000)
 ParOldGen       total 123904K, used 43527K [0x00000000a0000000, 0x00000000a7900000, 0x00000000e0000000)
  object space 123904K, 35% used [0x00000000a0000000,0x00000000a2a81e18,0x00000000a7900000)
 Metaspace       used 69534K, capacity 71940K, committed 72152K, reserved 1112064K
  class space    used 9111K, capacity 9621K, committed 9688K, reserved 1048576K
}
Event: 2228.062 GC heap before
{Heap before GC invocations=18 (full 3):
 PSYoungGen      total 178176K, used 178144K [0x00000000e0000000, 0x00000000ed880000, 0x0000000100000000)
  eden space 168960K, 100% used [0x00000000e0000000,0x00000000ea500000,0x00000000ea500000)
  from space 9216K, 99% used [0x00000000ecf80000,0x00000000ed878060,0x00000000ed880000)
  to   space 21504K, 0% used [0x00000000eae80000,0x00000000eae80000,0x00000000ec380000)
 ParOldGen       total 123904K, used 43527K [0x00000000a0000000, 0x00000000a7900000, 0x00000000e0000000)
  object space 123904K, 35% used [0x00000000a0000000,0x00000000a2a81e18,0x00000000a7900000)
 Metaspace       used 82590K, capacity 85826K, committed 86104K, reserved 1124352K
  class space    used 10905K, capacity 11540K, committed 11608K, reserved 1048576K
Event: 2228.101 GC heap after
Heap after GC invocations=18 (full 3):
 PSYoungGen      total 184832K, used 21502K [0x00000000e0000000, 0x00000000ed880000, 0x0000000100000000)
  eden space 163328K, 0% used [0x00000000e0000000,0x00000000e0000000,0x00000000e9f80000)
  from space 21504K, 99% used [0x00000000eae80000,0x00000000ec37fab0,0x00000000ec380000)
  to   space 21504K, 0% used [0x00000000ec380000,0x00000000ec380000,0x00000000ed880000)
 ParOldGen       total 123904K, used 56481K [0x00000000a0000000, 0x00000000a7900000, 0x00000000e0000000)
  object space 123904K, 45% used [0x00000000a0000000,0x00000000a3728490,0x00000000a7900000)
 Metaspace       used 82590K, capacity 85826K, committed 86104K, reserved 1124352K
  class space    used 10905K, capacity 11540K, committed 11608K, reserved 1048576K
}
Event: 2269.219 GC heap before
{Heap before GC invocations=19 (full 3):
 PSYoungGen      total 184832K, used 184830K [0x00000000e0000000, 0x00000000ed880000, 0x0000000100000000)
  eden space 163328K, 100% used [0x00000000e0000000,0x00000000e9f80000,0x00000000e9f80000)
  from space 21504K, 99% used [0x00000000eae80000,0x00000000ec37fab0,0x00000000ec380000)
  to   space 21504K, 0% used [0x00000000ec380000,0x00000000ec380000,0x00000000ed880000)
 ParOldGen       total 123904K, used 56481K [0x00000000a0000000, 0x00000000a7900000, 0x00000000e0000000)
  object space 123904K, 45% used [0x00000000a0000000,0x00000000a3728490,0x00000000a7900000)
 Metaspace       used 84734K, capacity 88184K, committed 88408K, reserved 1126400K
  class space    used 11146K, capacity 11827K, committed 11864K, reserved 1048576K
Event: 2269.249 GC heap after
Heap after GC invocations=19 (full 3):
 PSYoungGen      total 173568K, used 6434K [0x00000000e0000000, 0x00000000ed280000, 0x0000000100000000)
  eden space 158208K, 0% used [0x00000000e0000000,0x00000000e0000000,0x00000000e9a80000)
  from space 15360K, 41% used [0x00000000ec380000,0x00000000ec9c8a38,0x00000000ed280000)
  to   space 28672K, 0% used [0x00000000e9a80000,0x00000000e9a80000,0x00000000eb680000)
 ParOldGen       total 123904K, used 62075K [0x00000000a0000000, 0x00000000a7900000, 0x00000000e0000000)
  object space 123904K, 50% used [0x00000000a0000000,0x00000000a3c9ede0,0x00000000a7900000)
 Metaspace       used 84734K, capacity 88184K, committed 88408K, reserved 1126400K
  class space    used 11146K, capacity 11827K, committed 11864K, reserved 1048576K
}

