# JRE version: OpenJDK Runtime Environment (8.0_202-b03) (build 1.8.0_202-release-1483-b03)
# Java VM: OpenJDK 64-Bit Server VM (25.202-b03 mixed mode windows-amd64 compressed oops)
Heap:
 PSYoungGen      total 196096K, used 8694K [0x00000000e0000000, 0x00000000ee380000, 0x0000000100000000)
  eden space 175616K, 4% used [0x00000000e0000000,0x00000000e087db40,0x00000000eab80000)
  from space 20480K, 0% used [0x00000000eb100000,0x00000000eb100000,0x00000000ec500000)
  to   space 28672K, 0% used [0x00000000ec780000,0x00000000ec780000,0x00000000ee380000)
 ParOldGen       total 131072K, used 42145K [0x00000000a0000000, 0x00000000a8000000, 0x00000000e0000000)
  object space 131072K, 32% used [0x00000000a0000000,0x00000000a29284d0,0x00000000a8000000)
 Metaspace       used 92718K, capacity 96795K, committed 98496K, reserved 1134592K
  class space    used 12104K, capacity 12858K, committed 13184K, reserved 1048576K
GC Heap History (10 events):
Event: 5082.351 GC heap before
{Heap before GC invocations=19 (full 3):
 PSYoungGen      total 210944K, used 210643K [0x00000000e0000000, 0x00000000eea00000, 0x0000000100000000)
  eden space 200704K, 99% used [0x00000000e0000000,0x00000000ec3e86a0,0x00000000ec400000)
  from space 10240K, 97% used [0x00000000ecb00000,0x00000000ed4cc908,0x00000000ed500000)
  to   space 19456K, 0% used [0x00000000ed700000,0x00000000ed700000,0x00000000eea00000)
 ParOldGen       total 131072K, used 47876K [0x00000000a0000000, 0x00000000a8000000, 0x00000000e0000000)
  object space 131072K, 36% used [0x00000000a0000000,0x00000000a2ec12c0,0x00000000a8000000)
 Metaspace       used 82235K, capacity 85800K, committed 85976K, reserved 1124352K
  class space    used 10964K, capacity 11666K, committed 11776K, reserved 1048576K
Event: 5082.421 GC heap after
Heap after GC invocations=19 (full 3):
 PSYoungGen      total 212992K, used 18811K [0x00000000e0000000, 0x00000000ee980000, 0x0000000100000000)
  eden space 194048K, 0% used [0x00000000e0000000,0x00000000e0000000,0x00000000ebd80000)
  from space 18944K, 99% used [0x00000000ed700000,0x00000000ee95eda8,0x00000000ee980000)
  to   space 21504K, 0% used [0x00000000ebf80000,0x00000000ebf80000,0x00000000ed480000)
 ParOldGen       total 131072K, used 47884K [0x00000000a0000000, 0x00000000a8000000, 0x00000000e0000000)
  object space 131072K, 36% used [0x00000000a0000000,0x00000000a2ec32c0,0x00000000a8000000)
 Metaspace       used 82235K, capacity 85800K, committed 85976K, reserved 1124352K
  class space    used 10964K, capacity 11666K, committed 11776K, reserved 1048576K
}
Event: 9561.198 GC heap before
{Heap before GC invocations=20 (full 3):
 PSYoungGen      total 212992K, used 212859K [0x00000000e0000000, 0x00000000ee980000, 0x0000000100000000)
  eden space 194048K, 100% used [0x00000000e0000000,0x00000000ebd80000,0x00000000ebd80000)
  from space 18944K, 99% used [0x00000000ed700000,0x00000000ee95eda8,0x00000000ee980000)
  to   space 21504K, 0% used [0x00000000ebf80000,0x00000000ebf80000,0x00000000ed480000)
 ParOldGen       total 131072K, used 47884K [0x00000000a0000000, 0x00000000a8000000, 0x00000000e0000000)
  object space 131072K, 36% used [0x00000000a0000000,0x00000000a2ec32c0,0x00000000a8000000)
 Metaspace       used 87820K, capacity 92292K, committed 92376K, reserved 1128448K
  class space    used 11659K, capacity 12532K, committed 12544K, reserved 1048576K
Event: 9561.371 GC heap after
Heap after GC invocations=20 (full 3):
 PSYoungGen      total 207872K, used 20022K [0x00000000e0000000, 0x00000000ee600000, 0x0000000100000000)
  eden space 187392K, 0% used [0x00000000e0000000,0x00000000e0000000,0x00000000eb700000)
  from space 20480K, 97% used [0x00000000ebf80000,0x00000000ed30d8d0,0x00000000ed380000)
  to   space 18944K, 0% used [0x00000000ed380000,0x00000000ed380000,0x00000000ee600000)
 ParOldGen       total 131072K, used 47892K [0x00000000a0000000, 0x00000000a8000000, 0x00000000e0000000)
  object space 131072K, 36% used [0x00000000a0000000,0x00000000a2ec52c0,0x00000000a8000000)
 Metaspace       used 87820K, capacity 92292K, committed 92376K, reserved 1128448K
  class space    used 11659K, capacity 12532K, committed 12544K, reserved 1048576K
}
Event: 9992.764 GC heap before
{Heap before GC invocations=21 (full 3):
 PSYoungGen      total 207872K, used 207414K [0x00000000e0000000, 0x00000000ee600000, 0x0000000100000000)
  eden space 187392K, 100% used [0x00000000e0000000,0x00000000eb700000,0x00000000eb700000)
  from space 20480K, 97% used [0x00000000ebf80000,0x00000000ed30d8d0,0x00000000ed380000)
  to   space 18944K, 0% used [0x00000000ed380000,0x00000000ed380000,0x00000000ee600000)
 ParOldGen       total 131072K, used 47892K [0x00000000a0000000, 0x00000000a8000000, 0x00000000e0000000)
  object space 131072K, 36% used [0x00000000a0000000,0x00000000a2ec52c0,0x00000000a8000000)
 Metaspace       used 90843K, capacity 95774K, committed 95960K, reserved 1132544K
  class space    used 12006K, capacity 12943K, committed 13056K, reserved 1048576K
Event: 9993.247 GC heap after
Heap after GC invocations=21 (full 3):
 PSYoungGen      total 200192K, used 18926K [0x00000000e0000000, 0x00000000ee700000, 0x0000000100000000)
  eden space 181248K, 0% used [0x00000000e0000000,0x00000000e0000000,0x00000000eb100000)
  from space 18944K, 99% used [0x00000000ed380000,0x00000000ee5fba68,0x00000000ee600000)
  to   space 27648K, 0% used [0x00000000eb100000,0x00000000eb100000,0x00000000ecc00000)
 ParOldGen       total 131072K, used 53392K [0x00000000a0000000, 0x00000000a8000000, 0x00000000e0000000)
  object space 131072K, 40% used [0x00000000a0000000,0x00000000a3424310,0x00000000a8000000)
 Metaspace       used 90843K, capacity 95774K, committed 95960K, reserved 1132544K
  class space    used 12006K, capacity 12943K, committed 13056K, reserved 1048576K
}
Event: 9997.701 GC heap before
{Heap before GC invocations=22 (full 3):
 PSYoungGen      total 200192K, used 110914K [0x00000000e0000000, 0x00000000ee700000, 0x0000000100000000)
  eden space 181248K, 50% used [0x00000000e0000000,0x00000000e59d4db8,0x00000000eb100000)
  from space 18944K, 99% used [0x00000000ed380000,0x00000000ee5fba68,0x00000000ee600000)
  to   space 27648K, 0% used [0x00000000eb100000,0x00000000eb100000,0x00000000ecc00000)
 ParOldGen       total 131072K, used 53392K [0x00000000a0000000, 0x00000000a8000000, 0x00000000e0000000)
  object space 131072K, 40% used [0x00000000a0000000,0x00000000a3424310,0x00000000a8000000)
 Metaspace       used 93500K, capacity 98461K, committed 98496K, reserved 1134592K
  class space    used 12268K, capacity 13184K, committed 13184K, reserved 1048576K
Event: 9997.765 GC heap after
Heap after GC invocations=22 (full 3):
 PSYoungGen      total 196096K, used 20326K [0x00000000e0000000, 0x00000000ee380000, 0x0000000100000000)
  eden space 175616K, 0% used [0x00000000e0000000,0x00000000e0000000,0x00000000eab80000)
  from space 20480K, 99% used [0x00000000eb100000,0x00000000ec4d9800,0x00000000ec500000)
  to   space 28672K, 0% used [0x00000000ec780000,0x00000000ec780000,0x00000000ee380000)
 ParOldGen       total 131072K, used 55352K [0x00000000a0000000, 0x00000000a8000000, 0x00000000e0000000)
  object space 131072K, 42% used [0x00000000a0000000,0x00000000a360e180,0x00000000a8000000)
 Metaspace       used 93500K, capacity 98461K, committed 98496K, reserved 1134592K
  class space    used 12268K, capacity 13184K, committed 13184K, reserved 1048576K
}
Event: 9997.766 GC heap before
{Heap before GC invocations=23 (full 4):
 PSYoungGen      total 196096K, used 20326K [0x00000000e0000000, 0x00000000ee380000, 0x0000000100000000)
  eden space 175616K, 0% used [0x00000000e0000000,0x00000000e0000000,0x00000000eab80000)
  from space 20480K, 99% used [0x00000000eb100000,0x00000000ec4d9800,0x00000000ec500000)
  to   space 28672K, 0% used [0x00000000ec780000,0x00000000ec780000,0x00000000ee380000)
 ParOldGen       total 131072K, used 55352K [0x00000000a0000000, 0x00000000a8000000, 0x00000000e0000000)
  object space 131072K, 42% used [0x00000000a0000000,0x00000000a360e180,0x00000000a8000000)
 Metaspace       used 93500K, capacity 98461K, committed 98496K, reserved 1134592K
  class space    used 12268K, capacity 13184K, committed 13184K, reserved 1048576K
Event: 10007.667 GC heap after
Heap after GC invocations=23 (full 4):
 PSYoungGen      total 196096K, used 0K [0x00000000e0000000, 0x00000000ee380000, 0x0000000100000000)
  eden space 175616K, 0% used [0x00000000e0000000,0x00000000e0000000,0x00000000eab80000)
  from space 20480K, 0% used [0x00000000eb100000,0x00000000eb100000,0x00000000ec500000)
  to   space 28672K, 0% used [0x00000000ec780000,0x00000000ec780000,0x00000000ee380000)
 ParOldGen       total 131072K, used 42145K [0x00000000a0000000, 0x00000000a8000000, 0x00000000e0000000)
  object space 131072K, 32% used [0x00000000a0000000,0x00000000a29284d0,0x00000000a8000000)
 Metaspace       used 92706K, capacity 96775K, committed 98496K, reserved 1134592K
  class space    used 12099K, capacity 12853K, committed 13184K, reserved 1048576K
}

